  *******************************************
  *                                         *
  *        W E L C O M E  to  R O O T       *
  *                                         *
  *   Version   5.34/21  9 September 2014   *
  *                                         *
  *  You are welcome to visit our Web site  *
  *          http://root.cern.ch            *
  *                                         *
  *******************************************

ROOT 5.34/21 (v5-34-21@v5-34-21, 10월 06 2014, 15:15:06 on linuxx8664gcc)

CINT/ROOT C/C++ Interpreter version 5.18.00, July 2, 2010
Type ? for help. Commands must be C++ statements.
Enclose multiple statements between { }.

Processing /home/songkyo/kyo/2015_2nd/006_meanPtData/cndr_rootAna_meanPt_wBkg_1.C+...
nPt=9
nRap=1
rap string arr = 0.90 < y_{CM} < 1.50
nEt=1
et string arr = 0 < E_{T}^{HF} < 120 GeV
ptRange = Reco_QQ_4mom.Pt()>2.0 && Reco_QQ_4mom.Pt()<3.0
rapRangePbp = -0.47-1.*Reco_QQ_4mom.Rapidity()>0.90 && -0.47-1.*Reco_QQ_4mom.Rapidity()<1.50
rapRangepPb = -0.47+Reco_QQ_4mom.Rapidity()>0.90 && -0.47+Reco_QQ_4mom.Rapidity()<1.50
ptRange = Reco_QQ_4mom.Pt()>3.0 && Reco_QQ_4mom.Pt()<4.0
rapRangePbp = -0.47-1.*Reco_QQ_4mom.Rapidity()>0.90 && -0.47-1.*Reco_QQ_4mom.Rapidity()<1.50
rapRangepPb = -0.47+Reco_QQ_4mom.Rapidity()>0.90 && -0.47+Reco_QQ_4mom.Rapidity()<1.50
ptRange = Reco_QQ_4mom.Pt()>4.0 && Reco_QQ_4mom.Pt()<5.0
rapRangePbp = -0.47-1.*Reco_QQ_4mom.Rapidity()>0.90 && -0.47-1.*Reco_QQ_4mom.Rapidity()<1.50
rapRangepPb = -0.47+Reco_QQ_4mom.Rapidity()>0.90 && -0.47+Reco_QQ_4mom.Rapidity()<1.50
ptRange = Reco_QQ_4mom.Pt()>5.0 && Reco_QQ_4mom.Pt()<6.5
rapRangePbp = -0.47-1.*Reco_QQ_4mom.Rapidity()>0.90 && -0.47-1.*Reco_QQ_4mom.Rapidity()<1.50
rapRangepPb = -0.47+Reco_QQ_4mom.Rapidity()>0.90 && -0.47+Reco_QQ_4mom.Rapidity()<1.50
ptRange = Reco_QQ_4mom.Pt()>6.5 && Reco_QQ_4mom.Pt()<7.5
rapRangePbp = -0.47-1.*Reco_QQ_4mom.Rapidity()>0.90 && -0.47-1.*Reco_QQ_4mom.Rapidity()<1.50
rapRangepPb = -0.47+Reco_QQ_4mom.Rapidity()>0.90 && -0.47+Reco_QQ_4mom.Rapidity()<1.50
ptRange = Reco_QQ_4mom.Pt()>7.5 && Reco_QQ_4mom.Pt()<8.5
rapRangePbp = -0.47-1.*Reco_QQ_4mom.Rapidity()>0.90 && -0.47-1.*Reco_QQ_4mom.Rapidity()<1.50
rapRangepPb = -0.47+Reco_QQ_4mom.Rapidity()>0.90 && -0.47+Reco_QQ_4mom.Rapidity()<1.50
ptRange = Reco_QQ_4mom.Pt()>8.5 && Reco_QQ_4mom.Pt()<10.0
rapRangePbp = -0.47-1.*Reco_QQ_4mom.Rapidity()>0.90 && -0.47-1.*Reco_QQ_4mom.Rapidity()<1.50
rapRangepPb = -0.47+Reco_QQ_4mom.Rapidity()>0.90 && -0.47+Reco_QQ_4mom.Rapidity()<1.50
ptRange = Reco_QQ_4mom.Pt()>10.0 && Reco_QQ_4mom.Pt()<14.0
rapRangePbp = -0.47-1.*Reco_QQ_4mom.Rapidity()>0.90 && -0.47-1.*Reco_QQ_4mom.Rapidity()<1.50
rapRangepPb = -0.47+Reco_QQ_4mom.Rapidity()>0.90 && -0.47+Reco_QQ_4mom.Rapidity()<1.50
ptRange = Reco_QQ_4mom.Pt()>14.0 && Reco_QQ_4mom.Pt()<30.0
rapRangePbp = -0.47-1.*Reco_QQ_4mom.Rapidity()>0.90 && -0.47-1.*Reco_QQ_4mom.Rapidity()<1.50
rapRangepPb = -0.47+Reco_QQ_4mom.Rapidity()>0.90 && -0.47+Reco_QQ_4mom.Rapidity()<1.50
hMeanPt_0_0_0 : entries = 3383
 Cand <p_{T}> = 2.60505
 Bkg <p_{T}> = 2.58862
hMeanPt_0_0_1 : entries = 8004
 Cand <p_{T}> = 3.53674
 Bkg <p_{T}> = 3.52106
hMeanPt_0_0_2 : entries = 9867
 Cand <p_{T}> = 4.51125
 Bkg <p_{T}> = 4.48429
hMeanPt_0_0_3 : entries = 15347
 Cand <p_{T}> = 5.72983
 Bkg <p_{T}> = 5.68009
hMeanPt_0_0_4 : entries = 7679
 Cand <p_{T}> = 6.96789
 Bkg <p_{T}> = 6.94832
hMeanPt_0_0_5 : entries = 5141
 Cand <p_{T}> = 7.96922
 Bkg <p_{T}> = 7.95571
hMeanPt_0_0_6 : entries = 4804
 Cand <p_{T}> = 9.17423
 Bkg <p_{T}> = 9.13901
hMeanPt_0_0_7 : entries = 4638
 Cand <p_{T}> = 11.4885
 Bkg <p_{T}> = 11.6156
hMeanPt_0_0_8 : entries = 1739
 Cand <p_{T}> = 17.6948
 Bkg <p_{T}> = 17.879
strBin : PAS
(int)0
