  *******************************************
  *                                         *
  *        W E L C O M E  to  R O O T       *
  *                                         *
  *   Version   5.34/21  9 September 2014   *
  *                                         *
  *  You are welcome to visit our Web site  *
  *          http://root.cern.ch            *
  *                                         *
  *******************************************

ROOT 5.34/21 (v5-34-21@v5-34-21, 10월 06 2014, 15:15:06 on linuxx8664gcc)

CINT/ROOT C/C++ Interpreter version 5.18.00, July 2, 2010
Type ? for help. Commands must be C++ statements.
Enclose multiple statements between { }.

Processing /home/songkyo/kyo/2015_2nd/006_meanPtData/cndr_rootAna_meanPt_wBkg_2.C+...
nPt=9
nRap=1
rap string arr = 0 < y_{CM} < 0.90
nEt=1
et string arr = 0 < E_{T}^{HF} < 120 GeV
ptRange = Reco_QQ_4mom.Pt()>2.0 && Reco_QQ_4mom.Pt()<3.0
rapRangePbp = -0.47-1.*Reco_QQ_4mom.Rapidity()>0.00 && -0.47-1.*Reco_QQ_4mom.Rapidity()<0.90
rapRangepPb = -0.47+Reco_QQ_4mom.Rapidity()>0.00 && -0.47+Reco_QQ_4mom.Rapidity()<0.90
ptRange = Reco_QQ_4mom.Pt()>3.0 && Reco_QQ_4mom.Pt()<4.0
rapRangePbp = -0.47-1.*Reco_QQ_4mom.Rapidity()>0.00 && -0.47-1.*Reco_QQ_4mom.Rapidity()<0.90
rapRangepPb = -0.47+Reco_QQ_4mom.Rapidity()>0.00 && -0.47+Reco_QQ_4mom.Rapidity()<0.90
ptRange = Reco_QQ_4mom.Pt()>4.0 && Reco_QQ_4mom.Pt()<5.0
rapRangePbp = -0.47-1.*Reco_QQ_4mom.Rapidity()>0.00 && -0.47-1.*Reco_QQ_4mom.Rapidity()<0.90
rapRangepPb = -0.47+Reco_QQ_4mom.Rapidity()>0.00 && -0.47+Reco_QQ_4mom.Rapidity()<0.90
ptRange = Reco_QQ_4mom.Pt()>5.0 && Reco_QQ_4mom.Pt()<6.5
rapRangePbp = -0.47-1.*Reco_QQ_4mom.Rapidity()>0.00 && -0.47-1.*Reco_QQ_4mom.Rapidity()<0.90
rapRangepPb = -0.47+Reco_QQ_4mom.Rapidity()>0.00 && -0.47+Reco_QQ_4mom.Rapidity()<0.90
ptRange = Reco_QQ_4mom.Pt()>6.5 && Reco_QQ_4mom.Pt()<7.5
rapRangePbp = -0.47-1.*Reco_QQ_4mom.Rapidity()>0.00 && -0.47-1.*Reco_QQ_4mom.Rapidity()<0.90
rapRangepPb = -0.47+Reco_QQ_4mom.Rapidity()>0.00 && -0.47+Reco_QQ_4mom.Rapidity()<0.90
ptRange = Reco_QQ_4mom.Pt()>7.5 && Reco_QQ_4mom.Pt()<8.5
rapRangePbp = -0.47-1.*Reco_QQ_4mom.Rapidity()>0.00 && -0.47-1.*Reco_QQ_4mom.Rapidity()<0.90
rapRangepPb = -0.47+Reco_QQ_4mom.Rapidity()>0.00 && -0.47+Reco_QQ_4mom.Rapidity()<0.90
ptRange = Reco_QQ_4mom.Pt()>8.5 && Reco_QQ_4mom.Pt()<10.0
rapRangePbp = -0.47-1.*Reco_QQ_4mom.Rapidity()>0.00 && -0.47-1.*Reco_QQ_4mom.Rapidity()<0.90
rapRangepPb = -0.47+Reco_QQ_4mom.Rapidity()>0.00 && -0.47+Reco_QQ_4mom.Rapidity()<0.90
ptRange = Reco_QQ_4mom.Pt()>10.0 && Reco_QQ_4mom.Pt()<14.0
rapRangePbp = -0.47-1.*Reco_QQ_4mom.Rapidity()>0.00 && -0.47-1.*Reco_QQ_4mom.Rapidity()<0.90
rapRangepPb = -0.47+Reco_QQ_4mom.Rapidity()>0.00 && -0.47+Reco_QQ_4mom.Rapidity()<0.90
ptRange = Reco_QQ_4mom.Pt()>14.0 && Reco_QQ_4mom.Pt()<30.0
rapRangePbp = -0.47-1.*Reco_QQ_4mom.Rapidity()>0.00 && -0.47-1.*Reco_QQ_4mom.Rapidity()<0.90
rapRangepPb = -0.47+Reco_QQ_4mom.Rapidity()>0.00 && -0.47+Reco_QQ_4mom.Rapidity()<0.90
hMeanPt_0_0_0 : entries = 2
 Cand <p_{T}> = 2.84813
 Bkg <p_{T}> = 0
hMeanPt_0_0_1 : entries = 20
 Cand <p_{T}> = 3.73973
 Bkg <p_{T}> = 3.59178
hMeanPt_0_0_2 : entries = 229
 Cand <p_{T}> = 4.71717
 Bkg <p_{T}> = 4.63957
hMeanPt_0_0_3 : entries = 3189
 Cand <p_{T}> = 5.90687
 Bkg <p_{T}> = 5.81948
hMeanPt_0_0_4 : entries = 4200
 Cand <p_{T}> = 7.02018
 Bkg <p_{T}> = 7.0194
hMeanPt_0_0_5 : entries = 4287
 Cand <p_{T}> = 7.99773
 Bkg <p_{T}> = 7.97389
hMeanPt_0_0_6 : entries = 5046
 Cand <p_{T}> = 9.19981
 Bkg <p_{T}> = 9.21033
hMeanPt_0_0_7 : entries = 5988
 Cand <p_{T}> = 11.5759
 Bkg <p_{T}> = 11.6565
hMeanPt_0_0_8 : entries = 2796
 Cand <p_{T}> = 17.7684
 Bkg <p_{T}> = 17.6523
strBin : PAS
(int)0
