  *******************************************
  *                                         *
  *        W E L C O M E  to  R O O T       *
  *                                         *
  *   Version   5.34/21  9 September 2014   *
  *                                         *
  *  You are welcome to visit our Web site  *
  *          http://root.cern.ch            *
  *                                         *
  *******************************************

ROOT 5.34/21 (v5-34-21@v5-34-21, 10월 06 2014, 15:15:06 on linuxx8664gcc)

CINT/ROOT C/C++ Interpreter version 5.18.00, July 2, 2010
Type ? for help. Commands must be C++ statements.
Enclose multiple statements between { }.

Processing /home/songkyo/kyo/2015_2nd/006_meanPtData/cndr_rootAna_meanPt_wBkg_5.C+...
nPt=9
nRap=1
rap string arr = -1.93 < y_{CM} < -1.50
nEt=1
et string arr = 0 < E_{T}^{HF} < 120 GeV
ptRange = Reco_QQ_4mom.Pt()>2.0 && Reco_QQ_4mom.Pt()<3.0
rapRangePbp = -0.47-1.*Reco_QQ_4mom.Rapidity()>-1.93 && -0.47-1.*Reco_QQ_4mom.Rapidity()<-1.50
rapRangepPb = -0.47+Reco_QQ_4mom.Rapidity()>-1.93 && -0.47+Reco_QQ_4mom.Rapidity()<-1.50
ptRange = Reco_QQ_4mom.Pt()>3.0 && Reco_QQ_4mom.Pt()<4.0
rapRangePbp = -0.47-1.*Reco_QQ_4mom.Rapidity()>-1.93 && -0.47-1.*Reco_QQ_4mom.Rapidity()<-1.50
rapRangepPb = -0.47+Reco_QQ_4mom.Rapidity()>-1.93 && -0.47+Reco_QQ_4mom.Rapidity()<-1.50
ptRange = Reco_QQ_4mom.Pt()>4.0 && Reco_QQ_4mom.Pt()<5.0
rapRangePbp = -0.47-1.*Reco_QQ_4mom.Rapidity()>-1.93 && -0.47-1.*Reco_QQ_4mom.Rapidity()<-1.50
rapRangepPb = -0.47+Reco_QQ_4mom.Rapidity()>-1.93 && -0.47+Reco_QQ_4mom.Rapidity()<-1.50
ptRange = Reco_QQ_4mom.Pt()>5.0 && Reco_QQ_4mom.Pt()<6.5
rapRangePbp = -0.47-1.*Reco_QQ_4mom.Rapidity()>-1.93 && -0.47-1.*Reco_QQ_4mom.Rapidity()<-1.50
rapRangepPb = -0.47+Reco_QQ_4mom.Rapidity()>-1.93 && -0.47+Reco_QQ_4mom.Rapidity()<-1.50
ptRange = Reco_QQ_4mom.Pt()>6.5 && Reco_QQ_4mom.Pt()<7.5
rapRangePbp = -0.47-1.*Reco_QQ_4mom.Rapidity()>-1.93 && -0.47-1.*Reco_QQ_4mom.Rapidity()<-1.50
rapRangepPb = -0.47+Reco_QQ_4mom.Rapidity()>-1.93 && -0.47+Reco_QQ_4mom.Rapidity()<-1.50
ptRange = Reco_QQ_4mom.Pt()>7.5 && Reco_QQ_4mom.Pt()<8.5
rapRangePbp = -0.47-1.*Reco_QQ_4mom.Rapidity()>-1.93 && -0.47-1.*Reco_QQ_4mom.Rapidity()<-1.50
rapRangepPb = -0.47+Reco_QQ_4mom.Rapidity()>-1.93 && -0.47+Reco_QQ_4mom.Rapidity()<-1.50
ptRange = Reco_QQ_4mom.Pt()>8.5 && Reco_QQ_4mom.Pt()<10.0
rapRangePbp = -0.47-1.*Reco_QQ_4mom.Rapidity()>-1.93 && -0.47-1.*Reco_QQ_4mom.Rapidity()<-1.50
rapRangepPb = -0.47+Reco_QQ_4mom.Rapidity()>-1.93 && -0.47+Reco_QQ_4mom.Rapidity()<-1.50
ptRange = Reco_QQ_4mom.Pt()>10.0 && Reco_QQ_4mom.Pt()<14.0
rapRangePbp = -0.47-1.*Reco_QQ_4mom.Rapidity()>-1.93 && -0.47-1.*Reco_QQ_4mom.Rapidity()<-1.50
rapRangepPb = -0.47+Reco_QQ_4mom.Rapidity()>-1.93 && -0.47+Reco_QQ_4mom.Rapidity()<-1.50
ptRange = Reco_QQ_4mom.Pt()>14.0 && Reco_QQ_4mom.Pt()<30.0
rapRangePbp = -0.47-1.*Reco_QQ_4mom.Rapidity()>-1.93 && -0.47-1.*Reco_QQ_4mom.Rapidity()<-1.50
rapRangepPb = -0.47+Reco_QQ_4mom.Rapidity()>-1.93 && -0.47+Reco_QQ_4mom.Rapidity()<-1.50
hMeanPt_0_0_0 : entries = 17
 Cand <p_{T}> = 2.60668
 Bkg <p_{T}> = 2.71571
hMeanPt_0_0_1 : entries = 93
 Cand <p_{T}> = 3.63332
 Bkg <p_{T}> = 3.56352
hMeanPt_0_0_2 : entries = 600
 Cand <p_{T}> = 4.66979
 Bkg <p_{T}> = 4.60023
hMeanPt_0_0_3 : entries = 4321
 Cand <p_{T}> = 5.83011
 Bkg <p_{T}> = 5.76626
hMeanPt_0_0_4 : entries = 3301
 Cand <p_{T}> = 6.9788
 Bkg <p_{T}> = 6.96797
hMeanPt_0_0_5 : entries = 2501
 Cand <p_{T}> = 7.96823
 Bkg <p_{T}> = 7.91616
hMeanPt_0_0_6 : entries = 2543
 Cand <p_{T}> = 9.19281
 Bkg <p_{T}> = 9.16961
hMeanPt_0_0_7 : entries = 2621
 Cand <p_{T}> = 11.5155
 Bkg <p_{T}> = 11.4784
hMeanPt_0_0_8 : entries = 990
 Cand <p_{T}> = 17.4135
 Bkg <p_{T}> = 17.4887
strBin : PAS
(int)0
