  *******************************************
  *                                         *
  *        W E L C O M E  to  R O O T       *
  *                                         *
  *   Version   5.34/21  9 September 2014   *
  *                                         *
  *  You are welcome to visit our Web site  *
  *          http://root.cern.ch            *
  *                                         *
  *******************************************

ROOT 5.34/21 (v5-34-21@v5-34-21, 10월 06 2014, 15:15:06 on linuxx8664gcc)

CINT/ROOT C/C++ Interpreter version 5.18.00, July 2, 2010
Type ? for help. Commands must be C++ statements.
Enclose multiple statements between { }.

Processing /home/songkyo/kyo/2015_2nd/006_meanPtData/cndr_rootAna_meanPt_wBkg_4.C+...
nPt=9
nRap=1
rap string arr = -1.50 < y_{CM} < -0.90
nEt=1
et string arr = 0 < E_{T}^{HF} < 120 GeV
ptRange = Reco_QQ_4mom.Pt()>2.0 && Reco_QQ_4mom.Pt()<3.0
rapRangePbp = -0.47-1.*Reco_QQ_4mom.Rapidity()>-1.50 && -0.47-1.*Reco_QQ_4mom.Rapidity()<-0.90
rapRangepPb = -0.47+Reco_QQ_4mom.Rapidity()>-1.50 && -0.47+Reco_QQ_4mom.Rapidity()<-0.90
ptRange = Reco_QQ_4mom.Pt()>3.0 && Reco_QQ_4mom.Pt()<4.0
rapRangePbp = -0.47-1.*Reco_QQ_4mom.Rapidity()>-1.50 && -0.47-1.*Reco_QQ_4mom.Rapidity()<-0.90
rapRangepPb = -0.47+Reco_QQ_4mom.Rapidity()>-1.50 && -0.47+Reco_QQ_4mom.Rapidity()<-0.90
ptRange = Reco_QQ_4mom.Pt()>4.0 && Reco_QQ_4mom.Pt()<5.0
rapRangePbp = -0.47-1.*Reco_QQ_4mom.Rapidity()>-1.50 && -0.47-1.*Reco_QQ_4mom.Rapidity()<-0.90
rapRangepPb = -0.47+Reco_QQ_4mom.Rapidity()>-1.50 && -0.47+Reco_QQ_4mom.Rapidity()<-0.90
ptRange = Reco_QQ_4mom.Pt()>5.0 && Reco_QQ_4mom.Pt()<6.5
rapRangePbp = -0.47-1.*Reco_QQ_4mom.Rapidity()>-1.50 && -0.47-1.*Reco_QQ_4mom.Rapidity()<-0.90
rapRangepPb = -0.47+Reco_QQ_4mom.Rapidity()>-1.50 && -0.47+Reco_QQ_4mom.Rapidity()<-0.90
ptRange = Reco_QQ_4mom.Pt()>6.5 && Reco_QQ_4mom.Pt()<7.5
rapRangePbp = -0.47-1.*Reco_QQ_4mom.Rapidity()>-1.50 && -0.47-1.*Reco_QQ_4mom.Rapidity()<-0.90
rapRangepPb = -0.47+Reco_QQ_4mom.Rapidity()>-1.50 && -0.47+Reco_QQ_4mom.Rapidity()<-0.90
ptRange = Reco_QQ_4mom.Pt()>7.5 && Reco_QQ_4mom.Pt()<8.5
rapRangePbp = -0.47-1.*Reco_QQ_4mom.Rapidity()>-1.50 && -0.47-1.*Reco_QQ_4mom.Rapidity()<-0.90
rapRangepPb = -0.47+Reco_QQ_4mom.Rapidity()>-1.50 && -0.47+Reco_QQ_4mom.Rapidity()<-0.90
ptRange = Reco_QQ_4mom.Pt()>8.5 && Reco_QQ_4mom.Pt()<10.0
rapRangePbp = -0.47-1.*Reco_QQ_4mom.Rapidity()>-1.50 && -0.47-1.*Reco_QQ_4mom.Rapidity()<-0.90
rapRangepPb = -0.47+Reco_QQ_4mom.Rapidity()>-1.50 && -0.47+Reco_QQ_4mom.Rapidity()<-0.90
ptRange = Reco_QQ_4mom.Pt()>10.0 && Reco_QQ_4mom.Pt()<14.0
rapRangePbp = -0.47-1.*Reco_QQ_4mom.Rapidity()>-1.50 && -0.47-1.*Reco_QQ_4mom.Rapidity()<-0.90
rapRangepPb = -0.47+Reco_QQ_4mom.Rapidity()>-1.50 && -0.47+Reco_QQ_4mom.Rapidity()<-0.90
ptRange = Reco_QQ_4mom.Pt()>14.0 && Reco_QQ_4mom.Pt()<30.0
rapRangePbp = -0.47-1.*Reco_QQ_4mom.Rapidity()>-1.50 && -0.47-1.*Reco_QQ_4mom.Rapidity()<-0.90
rapRangepPb = -0.47+Reco_QQ_4mom.Rapidity()>-1.50 && -0.47+Reco_QQ_4mom.Rapidity()<-0.90
hMeanPt_0_0_0 : entries = 0
 Cand <p_{T}> = 0
 Bkg <p_{T}> = 0
hMeanPt_0_0_1 : entries = 4
 Cand <p_{T}> = 3.81334
 Bkg <p_{T}> = 3.87473
hMeanPt_0_0_2 : entries = 33
 Cand <p_{T}> = 4.56231
 Bkg <p_{T}> = 4.61157
hMeanPt_0_0_3 : entries = 486
 Cand <p_{T}> = 6.11827
 Bkg <p_{T}> = 5.93863
hMeanPt_0_0_4 : entries = 1693
 Cand <p_{T}> = 7.05311
 Bkg <p_{T}> = 7.03421
hMeanPt_0_0_5 : entries = 2273
 Cand <p_{T}> = 8.00321
 Bkg <p_{T}> = 7.98946
hMeanPt_0_0_6 : entries = 2796
 Cand <p_{T}> = 9.21783
 Bkg <p_{T}> = 9.23965
hMeanPt_0_0_7 : entries = 3667
 Cand <p_{T}> = 11.5617
 Bkg <p_{T}> = 11.654
hMeanPt_0_0_8 : entries = 1640
 Cand <p_{T}> = 17.6953
 Bkg <p_{T}> = 18.3799
strBin : PAS
(int)0
