  *******************************************
  *                                         *
  *        W E L C O M E  to  R O O T       *
  *                                         *
  *   Version   5.34/21  9 September 2014   *
  *                                         *
  *  You are welcome to visit our Web site  *
  *          http://root.cern.ch            *
  *                                         *
  *******************************************

ROOT 5.34/21 (v5-34-21@v5-34-21, 10월 06 2014, 15:15:06 on linuxx8664gcc)

CINT/ROOT C/C++ Interpreter version 5.18.00, July 2, 2010
Type ? for help. Commands must be C++ statements.
Enclose multiple statements between { }.

Processing /home/songkyo/kyo/2015_2nd/006_meanPtData/cndr_rootAna_meanPt_wBkg_0.C+...
nPt=9
nRap=1
rap string arr = 1.50 < y_{CM} < 1.93
nEt=1
et string arr = 0 < E_{T}^{HF} < 120 GeV
ptRange = Reco_QQ_4mom.Pt()>2.0 && Reco_QQ_4mom.Pt()<3.0
rapRangePbp = -0.47-1.*Reco_QQ_4mom.Rapidity()>1.50 && -0.47-1.*Reco_QQ_4mom.Rapidity()<1.93
rapRangepPb = -0.47+Reco_QQ_4mom.Rapidity()>1.50 && -0.47+Reco_QQ_4mom.Rapidity()<1.93
ptRange = Reco_QQ_4mom.Pt()>3.0 && Reco_QQ_4mom.Pt()<4.0
rapRangePbp = -0.47-1.*Reco_QQ_4mom.Rapidity()>1.50 && -0.47-1.*Reco_QQ_4mom.Rapidity()<1.93
rapRangepPb = -0.47+Reco_QQ_4mom.Rapidity()>1.50 && -0.47+Reco_QQ_4mom.Rapidity()<1.93
ptRange = Reco_QQ_4mom.Pt()>4.0 && Reco_QQ_4mom.Pt()<5.0
rapRangePbp = -0.47-1.*Reco_QQ_4mom.Rapidity()>1.50 && -0.47-1.*Reco_QQ_4mom.Rapidity()<1.93
rapRangepPb = -0.47+Reco_QQ_4mom.Rapidity()>1.50 && -0.47+Reco_QQ_4mom.Rapidity()<1.93
ptRange = Reco_QQ_4mom.Pt()>5.0 && Reco_QQ_4mom.Pt()<6.5
rapRangePbp = -0.47-1.*Reco_QQ_4mom.Rapidity()>1.50 && -0.47-1.*Reco_QQ_4mom.Rapidity()<1.93
rapRangepPb = -0.47+Reco_QQ_4mom.Rapidity()>1.50 && -0.47+Reco_QQ_4mom.Rapidity()<1.93
ptRange = Reco_QQ_4mom.Pt()>6.5 && Reco_QQ_4mom.Pt()<7.5
rapRangePbp = -0.47-1.*Reco_QQ_4mom.Rapidity()>1.50 && -0.47-1.*Reco_QQ_4mom.Rapidity()<1.93
rapRangepPb = -0.47+Reco_QQ_4mom.Rapidity()>1.50 && -0.47+Reco_QQ_4mom.Rapidity()<1.93
ptRange = Reco_QQ_4mom.Pt()>7.5 && Reco_QQ_4mom.Pt()<8.5
rapRangePbp = -0.47-1.*Reco_QQ_4mom.Rapidity()>1.50 && -0.47-1.*Reco_QQ_4mom.Rapidity()<1.93
rapRangepPb = -0.47+Reco_QQ_4mom.Rapidity()>1.50 && -0.47+Reco_QQ_4mom.Rapidity()<1.93
ptRange = Reco_QQ_4mom.Pt()>8.5 && Reco_QQ_4mom.Pt()<10.0
rapRangePbp = -0.47-1.*Reco_QQ_4mom.Rapidity()>1.50 && -0.47-1.*Reco_QQ_4mom.Rapidity()<1.93
rapRangepPb = -0.47+Reco_QQ_4mom.Rapidity()>1.50 && -0.47+Reco_QQ_4mom.Rapidity()<1.93
ptRange = Reco_QQ_4mom.Pt()>10.0 && Reco_QQ_4mom.Pt()<14.0
rapRangePbp = -0.47-1.*Reco_QQ_4mom.Rapidity()>1.50 && -0.47-1.*Reco_QQ_4mom.Rapidity()<1.93
rapRangepPb = -0.47+Reco_QQ_4mom.Rapidity()>1.50 && -0.47+Reco_QQ_4mom.Rapidity()<1.93
ptRange = Reco_QQ_4mom.Pt()>14.0 && Reco_QQ_4mom.Pt()<30.0
rapRangePbp = -0.47-1.*Reco_QQ_4mom.Rapidity()>1.50 && -0.47-1.*Reco_QQ_4mom.Rapidity()<1.93
rapRangepPb = -0.47+Reco_QQ_4mom.Rapidity()>1.50 && -0.47+Reco_QQ_4mom.Rapidity()<1.93
hMeanPt_0_0_0 : entries = 9198
 Cand <p_{T}> = 2.4994
 Bkg <p_{T}> = 2.4928
hMeanPt_0_0_1 : entries = 8250
 Cand <p_{T}> = 3.48666
 Bkg <p_{T}> = 3.45745
hMeanPt_0_0_2 : entries = 6310
 Cand <p_{T}> = 4.47153
 Bkg <p_{T}> = 4.45354
hMeanPt_0_0_3 : entries = 6363
 Cand <p_{T}> = 5.69046
 Bkg <p_{T}> = 5.63053
hMeanPt_0_0_4 : entries = 2761
 Cand <p_{T}> = 6.96341
 Bkg <p_{T}> = 6.96898
hMeanPt_0_0_5 : entries = 1936
 Cand <p_{T}> = 7.96537
 Bkg <p_{T}> = 7.94309
hMeanPt_0_0_6 : entries = 1720
 Cand <p_{T}> = 9.17109
 Bkg <p_{T}> = 9.17406
hMeanPt_0_0_7 : entries = 1853
 Cand <p_{T}> = 11.5375
 Bkg <p_{T}> = 11.519
hMeanPt_0_0_8 : entries = 759
 Cand <p_{T}> = 17.7605
 Bkg <p_{T}> = 17.3378
strBin : PAS
(int)0
