  *******************************************
  *                                         *
  *        W E L C O M E  to  R O O T       *
  *                                         *
  *   Version   5.34/21  9 September 2014   *
  *                                         *
  *  You are welcome to visit our Web site  *
  *          http://root.cern.ch            *
  *                                         *
  *******************************************

ROOT 5.34/21 (v5-34-21@v5-34-21, 10월 06 2014, 15:15:06 on linuxx8664gcc)

CINT/ROOT C/C++ Interpreter version 5.18.00, July 2, 2010
Type ? for help. Commands must be C++ statements.
Enclose multiple statements between { }.

Processing /home/songkyo/kyo/2015_2nd/006_meanPtData/cndr_rootAna_meanPt_wBkg_6.C+...
nPt=9
nRap=1
rap string arr = -2.40 < y_{CM} < -1.93
nEt=1
et string arr = 0 < E_{T}^{HF} < 120 GeV
ptRange = Reco_QQ_4mom.Pt()>2.0 && Reco_QQ_4mom.Pt()<3.0
rapRangePbp = -0.47-1.*Reco_QQ_4mom.Rapidity()>-2.40 && -0.47-1.*Reco_QQ_4mom.Rapidity()<-1.93
rapRangepPb = -0.47+Reco_QQ_4mom.Rapidity()>-2.40 && -0.47+Reco_QQ_4mom.Rapidity()<-1.93
ptRange = Reco_QQ_4mom.Pt()>3.0 && Reco_QQ_4mom.Pt()<4.0
rapRangePbp = -0.47-1.*Reco_QQ_4mom.Rapidity()>-2.40 && -0.47-1.*Reco_QQ_4mom.Rapidity()<-1.93
rapRangepPb = -0.47+Reco_QQ_4mom.Rapidity()>-2.40 && -0.47+Reco_QQ_4mom.Rapidity()<-1.93
ptRange = Reco_QQ_4mom.Pt()>4.0 && Reco_QQ_4mom.Pt()<5.0
rapRangePbp = -0.47-1.*Reco_QQ_4mom.Rapidity()>-2.40 && -0.47-1.*Reco_QQ_4mom.Rapidity()<-1.93
rapRangepPb = -0.47+Reco_QQ_4mom.Rapidity()>-2.40 && -0.47+Reco_QQ_4mom.Rapidity()<-1.93
ptRange = Reco_QQ_4mom.Pt()>5.0 && Reco_QQ_4mom.Pt()<6.5
rapRangePbp = -0.47-1.*Reco_QQ_4mom.Rapidity()>-2.40 && -0.47-1.*Reco_QQ_4mom.Rapidity()<-1.93
rapRangepPb = -0.47+Reco_QQ_4mom.Rapidity()>-2.40 && -0.47+Reco_QQ_4mom.Rapidity()<-1.93
ptRange = Reco_QQ_4mom.Pt()>6.5 && Reco_QQ_4mom.Pt()<7.5
rapRangePbp = -0.47-1.*Reco_QQ_4mom.Rapidity()>-2.40 && -0.47-1.*Reco_QQ_4mom.Rapidity()<-1.93
rapRangepPb = -0.47+Reco_QQ_4mom.Rapidity()>-2.40 && -0.47+Reco_QQ_4mom.Rapidity()<-1.93
ptRange = Reco_QQ_4mom.Pt()>7.5 && Reco_QQ_4mom.Pt()<8.5
rapRangePbp = -0.47-1.*Reco_QQ_4mom.Rapidity()>-2.40 && -0.47-1.*Reco_QQ_4mom.Rapidity()<-1.93
rapRangepPb = -0.47+Reco_QQ_4mom.Rapidity()>-2.40 && -0.47+Reco_QQ_4mom.Rapidity()<-1.93
ptRange = Reco_QQ_4mom.Pt()>8.5 && Reco_QQ_4mom.Pt()<10.0
rapRangePbp = -0.47-1.*Reco_QQ_4mom.Rapidity()>-2.40 && -0.47-1.*Reco_QQ_4mom.Rapidity()<-1.93
rapRangepPb = -0.47+Reco_QQ_4mom.Rapidity()>-2.40 && -0.47+Reco_QQ_4mom.Rapidity()<-1.93
ptRange = Reco_QQ_4mom.Pt()>10.0 && Reco_QQ_4mom.Pt()<14.0
rapRangePbp = -0.47-1.*Reco_QQ_4mom.Rapidity()>-2.40 && -0.47-1.*Reco_QQ_4mom.Rapidity()<-1.93
rapRangepPb = -0.47+Reco_QQ_4mom.Rapidity()>-2.40 && -0.47+Reco_QQ_4mom.Rapidity()<-1.93
ptRange = Reco_QQ_4mom.Pt()>14.0 && Reco_QQ_4mom.Pt()<30.0
rapRangePbp = -0.47-1.*Reco_QQ_4mom.Rapidity()>-2.40 && -0.47-1.*Reco_QQ_4mom.Rapidity()<-1.93
rapRangepPb = -0.47+Reco_QQ_4mom.Rapidity()>-2.40 && -0.47+Reco_QQ_4mom.Rapidity()<-1.93
hMeanPt_0_0_0 : entries = 3111
 Cand <p_{T}> = 2.61798
 Bkg <p_{T}> = 2.59644
hMeanPt_0_0_1 : entries = 7452
 Cand <p_{T}> = 3.54004
 Bkg <p_{T}> = 3.50701
hMeanPt_0_0_2 : entries = 9128
 Cand <p_{T}> = 4.49957
 Bkg <p_{T}> = 4.47486
hMeanPt_0_0_3 : entries = 12322
 Cand <p_{T}> = 5.70921
 Bkg <p_{T}> = 5.64927
hMeanPt_0_0_4 : entries = 5418
 Cand <p_{T}> = 6.96436
 Bkg <p_{T}> = 6.92616
hMeanPt_0_0_5 : entries = 3580
 Cand <p_{T}> = 7.95683
 Bkg <p_{T}> = 7.96157
hMeanPt_0_0_6 : entries = 3081
 Cand <p_{T}> = 9.15249
 Bkg <p_{T}> = 9.19483
hMeanPt_0_0_7 : entries = 2685
 Cand <p_{T}> = 11.4758
 Bkg <p_{T}> = 11.5636
hMeanPt_0_0_8 : entries = 876
 Cand <p_{T}> = 17.2476
 Bkg <p_{T}> = 18.2874
strBin : PAS
(int)0
