  *******************************************
  *                                         *
  *        W E L C O M E  to  R O O T       *
  *                                         *
  *   Version   5.34/21  9 September 2014   *
  *                                         *
  *  You are welcome to visit our Web site  *
  *          http://root.cern.ch            *
  *                                         *
  *******************************************

ROOT 5.34/21 (v5-34-21@v5-34-21, 10월 06 2014, 15:15:06 on linuxx8664gcc)

CINT/ROOT C/C++ Interpreter version 5.18.00, July 2, 2010
Type ? for help. Commands must be C++ statements.
Enclose multiple statements between { }.

Processing /home/songkyo/kyo/2015_2nd/006_meanPtData/cndr_rootAna_meanPt_wBkg_7.C+...
nPt=9
nRap=1
rap string arr = -2.87 < y_{CM} < -2.40
nEt=1
et string arr = 0 < E_{T}^{HF} < 120 GeV
ptRange = Reco_QQ_4mom.Pt()>2.0 && Reco_QQ_4mom.Pt()<3.0
rapRangePbp = -0.47-1.*Reco_QQ_4mom.Rapidity()>-2.87 && -0.47-1.*Reco_QQ_4mom.Rapidity()<-2.40
rapRangepPb = -0.47+Reco_QQ_4mom.Rapidity()>-2.87 && -0.47+Reco_QQ_4mom.Rapidity()<-2.40
ptRange = Reco_QQ_4mom.Pt()>3.0 && Reco_QQ_4mom.Pt()<4.0
rapRangePbp = -0.47-1.*Reco_QQ_4mom.Rapidity()>-2.87 && -0.47-1.*Reco_QQ_4mom.Rapidity()<-2.40
rapRangepPb = -0.47+Reco_QQ_4mom.Rapidity()>-2.87 && -0.47+Reco_QQ_4mom.Rapidity()<-2.40
ptRange = Reco_QQ_4mom.Pt()>4.0 && Reco_QQ_4mom.Pt()<5.0
rapRangePbp = -0.47-1.*Reco_QQ_4mom.Rapidity()>-2.87 && -0.47-1.*Reco_QQ_4mom.Rapidity()<-2.40
rapRangepPb = -0.47+Reco_QQ_4mom.Rapidity()>-2.87 && -0.47+Reco_QQ_4mom.Rapidity()<-2.40
ptRange = Reco_QQ_4mom.Pt()>5.0 && Reco_QQ_4mom.Pt()<6.5
rapRangePbp = -0.47-1.*Reco_QQ_4mom.Rapidity()>-2.87 && -0.47-1.*Reco_QQ_4mom.Rapidity()<-2.40
rapRangepPb = -0.47+Reco_QQ_4mom.Rapidity()>-2.87 && -0.47+Reco_QQ_4mom.Rapidity()<-2.40
ptRange = Reco_QQ_4mom.Pt()>6.5 && Reco_QQ_4mom.Pt()<7.5
rapRangePbp = -0.47-1.*Reco_QQ_4mom.Rapidity()>-2.87 && -0.47-1.*Reco_QQ_4mom.Rapidity()<-2.40
rapRangepPb = -0.47+Reco_QQ_4mom.Rapidity()>-2.87 && -0.47+Reco_QQ_4mom.Rapidity()<-2.40
ptRange = Reco_QQ_4mom.Pt()>7.5 && Reco_QQ_4mom.Pt()<8.5
rapRangePbp = -0.47-1.*Reco_QQ_4mom.Rapidity()>-2.87 && -0.47-1.*Reco_QQ_4mom.Rapidity()<-2.40
rapRangepPb = -0.47+Reco_QQ_4mom.Rapidity()>-2.87 && -0.47+Reco_QQ_4mom.Rapidity()<-2.40
ptRange = Reco_QQ_4mom.Pt()>8.5 && Reco_QQ_4mom.Pt()<10.0
rapRangePbp = -0.47-1.*Reco_QQ_4mom.Rapidity()>-2.87 && -0.47-1.*Reco_QQ_4mom.Rapidity()<-2.40
rapRangepPb = -0.47+Reco_QQ_4mom.Rapidity()>-2.87 && -0.47+Reco_QQ_4mom.Rapidity()<-2.40
ptRange = Reco_QQ_4mom.Pt()>10.0 && Reco_QQ_4mom.Pt()<14.0
rapRangePbp = -0.47-1.*Reco_QQ_4mom.Rapidity()>-2.87 && -0.47-1.*Reco_QQ_4mom.Rapidity()<-2.40
rapRangepPb = -0.47+Reco_QQ_4mom.Rapidity()>-2.87 && -0.47+Reco_QQ_4mom.Rapidity()<-2.40
ptRange = Reco_QQ_4mom.Pt()>14.0 && Reco_QQ_4mom.Pt()<30.0
rapRangePbp = -0.47-1.*Reco_QQ_4mom.Rapidity()>-2.87 && -0.47-1.*Reco_QQ_4mom.Rapidity()<-2.40
rapRangepPb = -0.47+Reco_QQ_4mom.Rapidity()>-2.87 && -0.47+Reco_QQ_4mom.Rapidity()<-2.40
hMeanPt_0_0_0 : entries = 12022
 Cand <p_{T}> = 2.49961
 Bkg <p_{T}> = 2.48938
hMeanPt_0_0_1 : entries = 10430
 Cand <p_{T}> = 3.47976
 Bkg <p_{T}> = 3.45785
hMeanPt_0_0_2 : entries = 7432
 Cand <p_{T}> = 4.4677
 Bkg <p_{T}> = 4.44876
hMeanPt_0_0_3 : entries = 6648
 Cand <p_{T}> = 5.67423
 Bkg <p_{T}> = 5.61254
hMeanPt_0_0_4 : entries = 2703
 Cand <p_{T}> = 6.96486
 Bkg <p_{T}> = 6.95975
hMeanPt_0_0_5 : entries = 1751
 Cand <p_{T}> = 7.97826
 Bkg <p_{T}> = 7.95069
hMeanPt_0_0_6 : entries = 1551
 Cand <p_{T}> = 9.17104
 Bkg <p_{T}> = 9.19308
hMeanPt_0_0_7 : entries = 1443
 Cand <p_{T}> = 11.5133
 Bkg <p_{T}> = 11.6123
hMeanPt_0_0_8 : entries = 464
 Cand <p_{T}> = 17.2743
 Bkg <p_{T}> = 17.9239
strBin : PAS
(int)0
