  *******************************************
  *                                         *
  *        W E L C O M E  to  R O O T       *
  *                                         *
  *   Version   5.34/21  9 September 2014   *
  *                                         *
  *  You are welcome to visit our Web site  *
  *          http://root.cern.ch            *
  *                                         *
  *******************************************

ROOT 5.34/21 (v5-34-21@v5-34-21, 10월 06 2014, 15:15:06 on linuxx8664gcc)

CINT/ROOT C/C++ Interpreter version 5.18.00, July 2, 2010
Type ? for help. Commands must be C++ statements.
Enclose multiple statements between { }.

Processing /home/songkyo/kyo/2015_2nd/006_meanPtData/cndr_rootAna_meanPt_wBkg_7.C+...
nPt=9
nRap=1
rap string arr = -2.87 < y_{CM} < -2.40
nEt=1
et string arr = 0 < E_{T}^{HF} < 120 GeV
ptRange = Reco_QQ_4mom.Pt()>2.0 && Reco_QQ_4mom.Pt()<3.0
rapRangePbp = -0.47-1.*Reco_QQ_4mom.Rapidity()>-2.87 && -0.47-1.*Reco_QQ_4mom.Rapidity()<-2.40
rapRangepPb = -0.47+Reco_QQ_4mom.Rapidity()>-2.87 && -0.47+Reco_QQ_4mom.Rapidity()<-2.40
ptRange = Reco_QQ_4mom.Pt()>3.0 && Reco_QQ_4mom.Pt()<4.0
rapRangePbp = -0.47-1.*Reco_QQ_4mom.Rapidity()>-2.87 && -0.47-1.*Reco_QQ_4mom.Rapidity()<-2.40
rapRangepPb = -0.47+Reco_QQ_4mom.Rapidity()>-2.87 && -0.47+Reco_QQ_4mom.Rapidity()<-2.40
ptRange = Reco_QQ_4mom.Pt()>4.0 && Reco_QQ_4mom.Pt()<5.0
rapRangePbp = -0.47-1.*Reco_QQ_4mom.Rapidity()>-2.87 && -0.47-1.*Reco_QQ_4mom.Rapidity()<-2.40
rapRangepPb = -0.47+Reco_QQ_4mom.Rapidity()>-2.87 && -0.47+Reco_QQ_4mom.Rapidity()<-2.40
ptRange = Reco_QQ_4mom.Pt()>5.0 && Reco_QQ_4mom.Pt()<6.5
rapRangePbp = -0.47-1.*Reco_QQ_4mom.Rapidity()>-2.87 && -0.47-1.*Reco_QQ_4mom.Rapidity()<-2.40
rapRangepPb = -0.47+Reco_QQ_4mom.Rapidity()>-2.87 && -0.47+Reco_QQ_4mom.Rapidity()<-2.40
ptRange = Reco_QQ_4mom.Pt()>6.5 && Reco_QQ_4mom.Pt()<7.5
rapRangePbp = -0.47-1.*Reco_QQ_4mom.Rapidity()>-2.87 && -0.47-1.*Reco_QQ_4mom.Rapidity()<-2.40
rapRangepPb = -0.47+Reco_QQ_4mom.Rapidity()>-2.87 && -0.47+Reco_QQ_4mom.Rapidity()<-2.40
ptRange = Reco_QQ_4mom.Pt()>7.5 && Reco_QQ_4mom.Pt()<8.5
rapRangePbp = -0.47-1.*Reco_QQ_4mom.Rapidity()>-2.87 && -0.47-1.*Reco_QQ_4mom.Rapidity()<-2.40
rapRangepPb = -0.47+Reco_QQ_4mom.Rapidity()>-2.87 && -0.47+Reco_QQ_4mom.Rapidity()<-2.40
ptRange = Reco_QQ_4mom.Pt()>8.5 && Reco_QQ_4mom.Pt()<10.0
rapRangePbp = -0.47-1.*Reco_QQ_4mom.Rapidity()>-2.87 && -0.47-1.*Reco_QQ_4mom.Rapidity()<-2.40
rapRangepPb = -0.47+Reco_QQ_4mom.Rapidity()>-2.87 && -0.47+Reco_QQ_4mom.Rapidity()<-2.40
ptRange = Reco_QQ_4mom.Pt()>10.0 && Reco_QQ_4mom.Pt()<14.0
rapRangePbp = -0.47-1.*Reco_QQ_4mom.Rapidity()>-2.87 && -0.47-1.*Reco_QQ_4mom.Rapidity()<-2.40
rapRangepPb = -0.47+Reco_QQ_4mom.Rapidity()>-2.87 && -0.47+Reco_QQ_4mom.Rapidity()<-2.40
ptRange = Reco_QQ_4mom.Pt()>14.0 && Reco_QQ_4mom.Pt()<30.0
rapRangePbp = -0.47-1.*Reco_QQ_4mom.Rapidity()>-2.87 && -0.47-1.*Reco_QQ_4mom.Rapidity()<-2.40
rapRangepPb = -0.47+Reco_QQ_4mom.Rapidity()>-2.87 && -0.47+Reco_QQ_4mom.Rapidity()<-2.40
hMeanPt_0_0_0 : entries = 9936
 Cand <p_{T}> = 2.51392
 Bkg <p_{T}> = 2.5071
hMeanPt_0_0_1 : entries = 9478
 Cand <p_{T}> = 3.48311
 Bkg <p_{T}> = 3.463
hMeanPt_0_0_2 : entries = 6956
 Cand <p_{T}> = 4.46916
 Bkg <p_{T}> = 4.44603
hMeanPt_0_0_3 : entries = 6301
 Cand <p_{T}> = 5.67473
 Bkg <p_{T}> = 5.6089
hMeanPt_0_0_4 : entries = 2591
 Cand <p_{T}> = 6.96689
 Bkg <p_{T}> = 6.96012
hMeanPt_0_0_5 : entries = 1688
 Cand <p_{T}> = 7.98219
 Bkg <p_{T}> = 7.97497
hMeanPt_0_0_6 : entries = 1497
 Cand <p_{T}> = 9.17239
 Bkg <p_{T}> = 9.18797
hMeanPt_0_0_7 : entries = 1412
 Cand <p_{T}> = 11.5121
 Bkg <p_{T}> = 11.7195
hMeanPt_0_0_8 : entries = 456
 Cand <p_{T}> = 17.295
 Bkg <p_{T}> = 17.8884
strBin : 8rap9pt
(int)0
