  *******************************************
  *                                         *
  *        W E L C O M E  to  R O O T       *
  *                                         *
  *   Version   5.34/21  9 September 2014   *
  *                                         *
  *  You are welcome to visit our Web site  *
  *          http://root.cern.ch            *
  *                                         *
  *******************************************

ROOT 5.34/21 (v5-34-21@v5-34-21, 10월 06 2014, 15:15:06 on linuxx8664gcc)

CINT/ROOT C/C++ Interpreter version 5.18.00, July 2, 2010
Type ? for help. Commands must be C++ statements.
Enclose multiple statements between { }.

Processing /home/songkyo/kyo/2015_2nd/006_meanPtData/cndr_rootAna_meanPt_wBkg_5.C+...
nPt=9
nRap=1
rap string arr = -1.93 < y_{CM} < -1.50
nEt=1
et string arr = 0 < E_{T}^{HF} < 120 GeV
ptRange = Reco_QQ_4mom.Pt()>2.0 && Reco_QQ_4mom.Pt()<3.0
rapRangePbp = -0.47-1.*Reco_QQ_4mom.Rapidity()>-1.93 && -0.47-1.*Reco_QQ_4mom.Rapidity()<-1.50
rapRangepPb = -0.47+Reco_QQ_4mom.Rapidity()>-1.93 && -0.47+Reco_QQ_4mom.Rapidity()<-1.50
ptRange = Reco_QQ_4mom.Pt()>3.0 && Reco_QQ_4mom.Pt()<4.0
rapRangePbp = -0.47-1.*Reco_QQ_4mom.Rapidity()>-1.93 && -0.47-1.*Reco_QQ_4mom.Rapidity()<-1.50
rapRangepPb = -0.47+Reco_QQ_4mom.Rapidity()>-1.93 && -0.47+Reco_QQ_4mom.Rapidity()<-1.50
ptRange = Reco_QQ_4mom.Pt()>4.0 && Reco_QQ_4mom.Pt()<5.0
rapRangePbp = -0.47-1.*Reco_QQ_4mom.Rapidity()>-1.93 && -0.47-1.*Reco_QQ_4mom.Rapidity()<-1.50
rapRangepPb = -0.47+Reco_QQ_4mom.Rapidity()>-1.93 && -0.47+Reco_QQ_4mom.Rapidity()<-1.50
ptRange = Reco_QQ_4mom.Pt()>5.0 && Reco_QQ_4mom.Pt()<6.5
rapRangePbp = -0.47-1.*Reco_QQ_4mom.Rapidity()>-1.93 && -0.47-1.*Reco_QQ_4mom.Rapidity()<-1.50
rapRangepPb = -0.47+Reco_QQ_4mom.Rapidity()>-1.93 && -0.47+Reco_QQ_4mom.Rapidity()<-1.50
ptRange = Reco_QQ_4mom.Pt()>6.5 && Reco_QQ_4mom.Pt()<7.5
rapRangePbp = -0.47-1.*Reco_QQ_4mom.Rapidity()>-1.93 && -0.47-1.*Reco_QQ_4mom.Rapidity()<-1.50
rapRangepPb = -0.47+Reco_QQ_4mom.Rapidity()>-1.93 && -0.47+Reco_QQ_4mom.Rapidity()<-1.50
ptRange = Reco_QQ_4mom.Pt()>7.5 && Reco_QQ_4mom.Pt()<8.5
rapRangePbp = -0.47-1.*Reco_QQ_4mom.Rapidity()>-1.93 && -0.47-1.*Reco_QQ_4mom.Rapidity()<-1.50
rapRangepPb = -0.47+Reco_QQ_4mom.Rapidity()>-1.93 && -0.47+Reco_QQ_4mom.Rapidity()<-1.50
ptRange = Reco_QQ_4mom.Pt()>8.5 && Reco_QQ_4mom.Pt()<10.0
rapRangePbp = -0.47-1.*Reco_QQ_4mom.Rapidity()>-1.93 && -0.47-1.*Reco_QQ_4mom.Rapidity()<-1.50
rapRangepPb = -0.47+Reco_QQ_4mom.Rapidity()>-1.93 && -0.47+Reco_QQ_4mom.Rapidity()<-1.50
ptRange = Reco_QQ_4mom.Pt()>10.0 && Reco_QQ_4mom.Pt()<14.0
rapRangePbp = -0.47-1.*Reco_QQ_4mom.Rapidity()>-1.93 && -0.47-1.*Reco_QQ_4mom.Rapidity()<-1.50
rapRangepPb = -0.47+Reco_QQ_4mom.Rapidity()>-1.93 && -0.47+Reco_QQ_4mom.Rapidity()<-1.50
ptRange = Reco_QQ_4mom.Pt()>14.0 && Reco_QQ_4mom.Pt()<30.0
rapRangePbp = -0.47-1.*Reco_QQ_4mom.Rapidity()>-1.93 && -0.47-1.*Reco_QQ_4mom.Rapidity()<-1.50
rapRangepPb = -0.47+Reco_QQ_4mom.Rapidity()>-1.93 && -0.47+Reco_QQ_4mom.Rapidity()<-1.50
hMeanPt_0_0_0 : entries = 0
 Cand <p_{T}> = 0
 Bkg <p_{T}> = 0
hMeanPt_0_0_1 : entries = 17
 Cand <p_{T}> = 3.89925
 Bkg <p_{T}> = 3.77264
hMeanPt_0_0_2 : entries = 419
 Cand <p_{T}> = 4.70867
 Bkg <p_{T}> = 4.6866
hMeanPt_0_0_3 : entries = 4024
 Cand <p_{T}> = 5.84951
 Bkg <p_{T}> = 5.80781
hMeanPt_0_0_4 : entries = 3270
 Cand <p_{T}> = 6.98166
 Bkg <p_{T}> = 6.97743
hMeanPt_0_0_5 : entries = 2513
 Cand <p_{T}> = 7.96924
 Bkg <p_{T}> = 7.91917
hMeanPt_0_0_6 : entries = 2547
 Cand <p_{T}> = 9.19128
 Bkg <p_{T}> = 9.16592
hMeanPt_0_0_7 : entries = 2621
 Cand <p_{T}> = 11.5178
 Bkg <p_{T}> = 11.4815
hMeanPt_0_0_8 : entries = 998
 Cand <p_{T}> = 17.4025
 Bkg <p_{T}> = 17.5119
strBin : 8rap9pt
(int)0
