  *******************************************
  *                                         *
  *        W E L C O M E  to  R O O T       *
  *                                         *
  *   Version   5.34/21  9 September 2014   *
  *                                         *
  *  You are welcome to visit our Web site  *
  *          http://root.cern.ch            *
  *                                         *
  *******************************************

ROOT 5.34/21 (v5-34-21@v5-34-21, 10월 06 2014, 15:15:06 on linuxx8664gcc)

CINT/ROOT C/C++ Interpreter version 5.18.00, July 2, 2010
Type ? for help. Commands must be C++ statements.
Enclose multiple statements between { }.

Processing /home/songkyo/kyo/2015_2nd/006_meanPtData/cndr_rootAna_meanPt_wBkg_6.C+...
nPt=9
nRap=1
rap string arr = -2.40 < y_{CM} < -1.93
nEt=1
et string arr = 0 < E_{T}^{HF} < 120 GeV
ptRange = Reco_QQ_4mom.Pt()>2.0 && Reco_QQ_4mom.Pt()<3.0
rapRangePbp = -0.47-1.*Reco_QQ_4mom.Rapidity()>-2.40 && -0.47-1.*Reco_QQ_4mom.Rapidity()<-1.93
rapRangepPb = -0.47+Reco_QQ_4mom.Rapidity()>-2.40 && -0.47+Reco_QQ_4mom.Rapidity()<-1.93
ptRange = Reco_QQ_4mom.Pt()>3.0 && Reco_QQ_4mom.Pt()<4.0
rapRangePbp = -0.47-1.*Reco_QQ_4mom.Rapidity()>-2.40 && -0.47-1.*Reco_QQ_4mom.Rapidity()<-1.93
rapRangepPb = -0.47+Reco_QQ_4mom.Rapidity()>-2.40 && -0.47+Reco_QQ_4mom.Rapidity()<-1.93
ptRange = Reco_QQ_4mom.Pt()>4.0 && Reco_QQ_4mom.Pt()<5.0
rapRangePbp = -0.47-1.*Reco_QQ_4mom.Rapidity()>-2.40 && -0.47-1.*Reco_QQ_4mom.Rapidity()<-1.93
rapRangepPb = -0.47+Reco_QQ_4mom.Rapidity()>-2.40 && -0.47+Reco_QQ_4mom.Rapidity()<-1.93
ptRange = Reco_QQ_4mom.Pt()>5.0 && Reco_QQ_4mom.Pt()<6.5
rapRangePbp = -0.47-1.*Reco_QQ_4mom.Rapidity()>-2.40 && -0.47-1.*Reco_QQ_4mom.Rapidity()<-1.93
rapRangepPb = -0.47+Reco_QQ_4mom.Rapidity()>-2.40 && -0.47+Reco_QQ_4mom.Rapidity()<-1.93
ptRange = Reco_QQ_4mom.Pt()>6.5 && Reco_QQ_4mom.Pt()<7.5
rapRangePbp = -0.47-1.*Reco_QQ_4mom.Rapidity()>-2.40 && -0.47-1.*Reco_QQ_4mom.Rapidity()<-1.93
rapRangepPb = -0.47+Reco_QQ_4mom.Rapidity()>-2.40 && -0.47+Reco_QQ_4mom.Rapidity()<-1.93
ptRange = Reco_QQ_4mom.Pt()>7.5 && Reco_QQ_4mom.Pt()<8.5
rapRangePbp = -0.47-1.*Reco_QQ_4mom.Rapidity()>-2.40 && -0.47-1.*Reco_QQ_4mom.Rapidity()<-1.93
rapRangepPb = -0.47+Reco_QQ_4mom.Rapidity()>-2.40 && -0.47+Reco_QQ_4mom.Rapidity()<-1.93
ptRange = Reco_QQ_4mom.Pt()>8.5 && Reco_QQ_4mom.Pt()<10.0
rapRangePbp = -0.47-1.*Reco_QQ_4mom.Rapidity()>-2.40 && -0.47-1.*Reco_QQ_4mom.Rapidity()<-1.93
rapRangepPb = -0.47+Reco_QQ_4mom.Rapidity()>-2.40 && -0.47+Reco_QQ_4mom.Rapidity()<-1.93
ptRange = Reco_QQ_4mom.Pt()>10.0 && Reco_QQ_4mom.Pt()<14.0
rapRangePbp = -0.47-1.*Reco_QQ_4mom.Rapidity()>-2.40 && -0.47-1.*Reco_QQ_4mom.Rapidity()<-1.93
rapRangepPb = -0.47+Reco_QQ_4mom.Rapidity()>-2.40 && -0.47+Reco_QQ_4mom.Rapidity()<-1.93
ptRange = Reco_QQ_4mom.Pt()>14.0 && Reco_QQ_4mom.Pt()<30.0
rapRangePbp = -0.47-1.*Reco_QQ_4mom.Rapidity()>-2.40 && -0.47-1.*Reco_QQ_4mom.Rapidity()<-1.93
rapRangepPb = -0.47+Reco_QQ_4mom.Rapidity()>-2.40 && -0.47+Reco_QQ_4mom.Rapidity()<-1.93
hMeanPt_0_0_0 : entries = 1372
 Cand <p_{T}> = 2.69338
 Bkg <p_{T}> = 2.64839
hMeanPt_0_0_1 : entries = 5657
 Cand <p_{T}> = 3.56701
 Bkg <p_{T}> = 3.55772
hMeanPt_0_0_2 : entries = 8611
 Cand <p_{T}> = 4.50794
 Bkg <p_{T}> = 4.49118
hMeanPt_0_0_3 : entries = 12278
 Cand <p_{T}> = 5.7097
 Bkg <p_{T}> = 5.64907
hMeanPt_0_0_4 : entries = 5391
 Cand <p_{T}> = 6.96453
 Bkg <p_{T}> = 6.93018
hMeanPt_0_0_5 : entries = 3574
 Cand <p_{T}> = 7.95805
 Bkg <p_{T}> = 7.96434
hMeanPt_0_0_6 : entries = 3065
 Cand <p_{T}> = 9.15187
 Bkg <p_{T}> = 9.19532
hMeanPt_0_0_7 : entries = 2689
 Cand <p_{T}> = 11.4724
 Bkg <p_{T}> = 11.5629
hMeanPt_0_0_8 : entries = 872
 Cand <p_{T}> = 17.2386
 Bkg <p_{T}> = 18.2806
strBin : 8rap9pt
(int)0
