  *******************************************
  *                                         *
  *        W E L C O M E  to  R O O T       *
  *                                         *
  *   Version   5.34/21  9 September 2014   *
  *                                         *
  *  You are welcome to visit our Web site  *
  *          http://root.cern.ch            *
  *                                         *
  *******************************************

ROOT 5.34/21 (v5-34-21@v5-34-21, 10월 06 2014, 15:15:06 on linuxx8664gcc)

CINT/ROOT C/C++ Interpreter version 5.18.00, July 2, 2010
Type ? for help. Commands must be C++ statements.
Enclose multiple statements between { }.

Processing /home/songkyo/kyo/2015_2nd/006_meanPtData/cndr_rootAna_meanPt_wBkg_0.C+...
nPt=9
nRap=1
rap string arr = 1.50 < y_{CM} < 1.93
nEt=1
et string arr = 0 < E_{T}^{HF} < 120 GeV
ptRange = Reco_QQ_4mom.Pt()>2.0 && Reco_QQ_4mom.Pt()<3.0
rapRangePbp = -0.47-1.*Reco_QQ_4mom.Rapidity()>1.50 && -0.47-1.*Reco_QQ_4mom.Rapidity()<1.93
rapRangepPb = -0.47+Reco_QQ_4mom.Rapidity()>1.50 && -0.47+Reco_QQ_4mom.Rapidity()<1.93
ptRange = Reco_QQ_4mom.Pt()>3.0 && Reco_QQ_4mom.Pt()<4.0
rapRangePbp = -0.47-1.*Reco_QQ_4mom.Rapidity()>1.50 && -0.47-1.*Reco_QQ_4mom.Rapidity()<1.93
rapRangepPb = -0.47+Reco_QQ_4mom.Rapidity()>1.50 && -0.47+Reco_QQ_4mom.Rapidity()<1.93
ptRange = Reco_QQ_4mom.Pt()>4.0 && Reco_QQ_4mom.Pt()<5.0
rapRangePbp = -0.47-1.*Reco_QQ_4mom.Rapidity()>1.50 && -0.47-1.*Reco_QQ_4mom.Rapidity()<1.93
rapRangepPb = -0.47+Reco_QQ_4mom.Rapidity()>1.50 && -0.47+Reco_QQ_4mom.Rapidity()<1.93
ptRange = Reco_QQ_4mom.Pt()>5.0 && Reco_QQ_4mom.Pt()<6.5
rapRangePbp = -0.47-1.*Reco_QQ_4mom.Rapidity()>1.50 && -0.47-1.*Reco_QQ_4mom.Rapidity()<1.93
rapRangepPb = -0.47+Reco_QQ_4mom.Rapidity()>1.50 && -0.47+Reco_QQ_4mom.Rapidity()<1.93
ptRange = Reco_QQ_4mom.Pt()>6.5 && Reco_QQ_4mom.Pt()<7.5
rapRangePbp = -0.47-1.*Reco_QQ_4mom.Rapidity()>1.50 && -0.47-1.*Reco_QQ_4mom.Rapidity()<1.93
rapRangepPb = -0.47+Reco_QQ_4mom.Rapidity()>1.50 && -0.47+Reco_QQ_4mom.Rapidity()<1.93
ptRange = Reco_QQ_4mom.Pt()>7.5 && Reco_QQ_4mom.Pt()<8.5
rapRangePbp = -0.47-1.*Reco_QQ_4mom.Rapidity()>1.50 && -0.47-1.*Reco_QQ_4mom.Rapidity()<1.93
rapRangepPb = -0.47+Reco_QQ_4mom.Rapidity()>1.50 && -0.47+Reco_QQ_4mom.Rapidity()<1.93
ptRange = Reco_QQ_4mom.Pt()>8.5 && Reco_QQ_4mom.Pt()<10.0
rapRangePbp = -0.47-1.*Reco_QQ_4mom.Rapidity()>1.50 && -0.47-1.*Reco_QQ_4mom.Rapidity()<1.93
rapRangepPb = -0.47+Reco_QQ_4mom.Rapidity()>1.50 && -0.47+Reco_QQ_4mom.Rapidity()<1.93
ptRange = Reco_QQ_4mom.Pt()>10.0 && Reco_QQ_4mom.Pt()<14.0
rapRangePbp = -0.47-1.*Reco_QQ_4mom.Rapidity()>1.50 && -0.47-1.*Reco_QQ_4mom.Rapidity()<1.93
rapRangepPb = -0.47+Reco_QQ_4mom.Rapidity()>1.50 && -0.47+Reco_QQ_4mom.Rapidity()<1.93
ptRange = Reco_QQ_4mom.Pt()>14.0 && Reco_QQ_4mom.Pt()<30.0
rapRangePbp = -0.47-1.*Reco_QQ_4mom.Rapidity()>1.50 && -0.47-1.*Reco_QQ_4mom.Rapidity()<1.93
rapRangepPb = -0.47+Reco_QQ_4mom.Rapidity()>1.50 && -0.47+Reco_QQ_4mom.Rapidity()<1.93
hMeanPt_0_0_0 : entries = 7734
 Cand <p_{T}> = 2.5122
 Bkg <p_{T}> = 2.50842
hMeanPt_0_0_1 : entries = 7536
 Cand <p_{T}> = 3.49188
 Bkg <p_{T}> = 3.45997
hMeanPt_0_0_2 : entries = 5928
 Cand <p_{T}> = 4.47328
 Bkg <p_{T}> = 4.45325
hMeanPt_0_0_3 : entries = 6086
 Cand <p_{T}> = 5.69193
 Bkg <p_{T}> = 5.6258
hMeanPt_0_0_4 : entries = 2662
 Cand <p_{T}> = 6.96411
 Bkg <p_{T}> = 6.97705
hMeanPt_0_0_5 : entries = 1873
 Cand <p_{T}> = 7.96611
 Bkg <p_{T}> = 7.95262
hMeanPt_0_0_6 : entries = 1662
 Cand <p_{T}> = 9.17173
 Bkg <p_{T}> = 9.18135
hMeanPt_0_0_7 : entries = 1812
 Cand <p_{T}> = 11.5362
 Bkg <p_{T}> = 11.4925
hMeanPt_0_0_8 : entries = 744
 Cand <p_{T}> = 17.7987
 Bkg <p_{T}> = 17.3555
strBin : 8rap9pt
(int)0
