  *******************************************
  *                                         *
  *        W E L C O M E  to  R O O T       *
  *                                         *
  *   Version   5.34/21  9 September 2014   *
  *                                         *
  *  You are welcome to visit our Web site  *
  *          http://root.cern.ch            *
  *                                         *
  *******************************************

ROOT 5.34/21 (v5-34-21@v5-34-21, 10월 06 2014, 15:15:06 on linuxx8664gcc)

CINT/ROOT C/C++ Interpreter version 5.18.00, July 2, 2010
Type ? for help. Commands must be C++ statements.
Enclose multiple statements between { }.

Processing /home/songkyo/kyo/2015_2nd/006_meanPtData/cndr_rootAna_meanPt_wBkg_1.C+...
nPt=9
nRap=1
rap string arr = 0.90 < y_{CM} < 1.50
nEt=1
et string arr = 0 < E_{T}^{HF} < 120 GeV
ptRange = Reco_QQ_4mom.Pt()>2.0 && Reco_QQ_4mom.Pt()<3.0
rapRangePbp = -0.47-1.*Reco_QQ_4mom.Rapidity()>0.90 && -0.47-1.*Reco_QQ_4mom.Rapidity()<1.50
rapRangepPb = -0.47+Reco_QQ_4mom.Rapidity()>0.90 && -0.47+Reco_QQ_4mom.Rapidity()<1.50
ptRange = Reco_QQ_4mom.Pt()>3.0 && Reco_QQ_4mom.Pt()<4.0
rapRangePbp = -0.47-1.*Reco_QQ_4mom.Rapidity()>0.90 && -0.47-1.*Reco_QQ_4mom.Rapidity()<1.50
rapRangepPb = -0.47+Reco_QQ_4mom.Rapidity()>0.90 && -0.47+Reco_QQ_4mom.Rapidity()<1.50
ptRange = Reco_QQ_4mom.Pt()>4.0 && Reco_QQ_4mom.Pt()<5.0
rapRangePbp = -0.47-1.*Reco_QQ_4mom.Rapidity()>0.90 && -0.47-1.*Reco_QQ_4mom.Rapidity()<1.50
rapRangepPb = -0.47+Reco_QQ_4mom.Rapidity()>0.90 && -0.47+Reco_QQ_4mom.Rapidity()<1.50
ptRange = Reco_QQ_4mom.Pt()>5.0 && Reco_QQ_4mom.Pt()<6.5
rapRangePbp = -0.47-1.*Reco_QQ_4mom.Rapidity()>0.90 && -0.47-1.*Reco_QQ_4mom.Rapidity()<1.50
rapRangepPb = -0.47+Reco_QQ_4mom.Rapidity()>0.90 && -0.47+Reco_QQ_4mom.Rapidity()<1.50
ptRange = Reco_QQ_4mom.Pt()>6.5 && Reco_QQ_4mom.Pt()<7.5
rapRangePbp = -0.47-1.*Reco_QQ_4mom.Rapidity()>0.90 && -0.47-1.*Reco_QQ_4mom.Rapidity()<1.50
rapRangepPb = -0.47+Reco_QQ_4mom.Rapidity()>0.90 && -0.47+Reco_QQ_4mom.Rapidity()<1.50
ptRange = Reco_QQ_4mom.Pt()>7.5 && Reco_QQ_4mom.Pt()<8.5
rapRangePbp = -0.47-1.*Reco_QQ_4mom.Rapidity()>0.90 && -0.47-1.*Reco_QQ_4mom.Rapidity()<1.50
rapRangepPb = -0.47+Reco_QQ_4mom.Rapidity()>0.90 && -0.47+Reco_QQ_4mom.Rapidity()<1.50
ptRange = Reco_QQ_4mom.Pt()>8.5 && Reco_QQ_4mom.Pt()<10.0
rapRangePbp = -0.47-1.*Reco_QQ_4mom.Rapidity()>0.90 && -0.47-1.*Reco_QQ_4mom.Rapidity()<1.50
rapRangepPb = -0.47+Reco_QQ_4mom.Rapidity()>0.90 && -0.47+Reco_QQ_4mom.Rapidity()<1.50
ptRange = Reco_QQ_4mom.Pt()>10.0 && Reco_QQ_4mom.Pt()<14.0
rapRangePbp = -0.47-1.*Reco_QQ_4mom.Rapidity()>0.90 && -0.47-1.*Reco_QQ_4mom.Rapidity()<1.50
rapRangepPb = -0.47+Reco_QQ_4mom.Rapidity()>0.90 && -0.47+Reco_QQ_4mom.Rapidity()<1.50
ptRange = Reco_QQ_4mom.Pt()>14.0 && Reco_QQ_4mom.Pt()<30.0
rapRangePbp = -0.47-1.*Reco_QQ_4mom.Rapidity()>0.90 && -0.47-1.*Reco_QQ_4mom.Rapidity()<1.50
rapRangepPb = -0.47+Reco_QQ_4mom.Rapidity()>0.90 && -0.47+Reco_QQ_4mom.Rapidity()<1.50
hMeanPt_0_0_0 : entries = 1751
 Cand <p_{T}> = 2.65085
 Bkg <p_{T}> = 2.64035
hMeanPt_0_0_1 : entries = 6325
 Cand <p_{T}> = 3.56062
 Bkg <p_{T}> = 3.55614
hMeanPt_0_0_2 : entries = 9334
 Cand <p_{T}> = 4.51806
 Bkg <p_{T}> = 4.49608
hMeanPt_0_0_3 : entries = 15278
 Cand <p_{T}> = 5.73098
 Bkg <p_{T}> = 5.68483
hMeanPt_0_0_4 : entries = 7666
 Cand <p_{T}> = 6.96789
 Bkg <p_{T}> = 6.94806
hMeanPt_0_0_5 : entries = 5132
 Cand <p_{T}> = 7.96948
 Bkg <p_{T}> = 7.95576
hMeanPt_0_0_6 : entries = 4777
 Cand <p_{T}> = 9.17567
 Bkg <p_{T}> = 9.14142
hMeanPt_0_0_7 : entries = 4607
 Cand <p_{T}> = 11.4859
 Bkg <p_{T}> = 11.6122
hMeanPt_0_0_8 : entries = 1731
 Cand <p_{T}> = 17.7059
 Bkg <p_{T}> = 17.8072
strBin : 8rap9pt
(int)0
