000 (1689377.000.000) 10/17 05:04:37 Job submitted from host: <10.15.0.100:56963>
...
001 (1689377.000.000) 10/17 05:04:38 Job executing on host: <10.15.0.110:46409>
...
006 (1689377.000.000) 10/17 05:04:46 Image size of job updated: 32
	3  -  MemoryUsage of job (MB)
	2276  -  ResidentSetSize of job (KB)
...
006 (1689377.000.000) 10/17 05:09:46 Image size of job updated: 368532
	148  -  MemoryUsage of job (MB)
	151108  -  ResidentSetSize of job (KB)
...
006 (1689377.000.000) 10/17 05:14:47 Image size of job updated: 497196
	220  -  MemoryUsage of job (MB)
	224988  -  ResidentSetSize of job (KB)
...
006 (1689377.000.000) 10/17 05:19:48 Image size of job updated: 626152
	298  -  MemoryUsage of job (MB)
	304876  -  ResidentSetSize of job (KB)
...
006 (1689377.000.000) 10/17 05:24:48 Image size of job updated: 626152
	298  -  MemoryUsage of job (MB)
	304996  -  ResidentSetSize of job (KB)
...
006 (1689377.000.000) 10/17 05:29:48 Image size of job updated: 626152
	299  -  MemoryUsage of job (MB)
	305176  -  ResidentSetSize of job (KB)
...
006 (1689377.000.000) 10/17 05:34:48 Image size of job updated: 626152
	299  -  MemoryUsage of job (MB)
	305276  -  ResidentSetSize of job (KB)
...
006 (1689377.000.000) 10/17 05:39:49 Image size of job updated: 626152
	299  -  MemoryUsage of job (MB)
	305540  -  ResidentSetSize of job (KB)
...
006 (1689377.000.000) 10/17 05:44:49 Image size of job updated: 626152
	299  -  MemoryUsage of job (MB)
	305560  -  ResidentSetSize of job (KB)
...
006 (1689377.000.000) 10/17 05:49:49 Image size of job updated: 626152
	299  -  MemoryUsage of job (MB)
	305716  -  ResidentSetSize of job (KB)
...
006 (1689377.000.000) 10/17 05:54:51 Image size of job updated: 626152
	299  -  MemoryUsage of job (MB)
	305756  -  ResidentSetSize of job (KB)
...
006 (1689377.000.000) 10/17 05:59:51 Image size of job updated: 626152
	299  -  MemoryUsage of job (MB)
	305876  -  ResidentSetSize of job (KB)
...
005 (1689377.000.000) 10/17 06:03:28 Job terminated.
	(1) Normal termination (return value 0)
		Usr 0 00:34:41, Sys 0 00:00:08  -  Run Remote Usage
		Usr 0 00:00:00, Sys 0 00:00:00  -  Run Local Usage
		Usr 0 00:34:41, Sys 0 00:00:08  -  Total Remote Usage
		Usr 0 00:00:00, Sys 0 00:00:00  -  Total Local Usage
	0  -  Run Bytes Sent By Job
	0  -  Run Bytes Received By Job
	0  -  Total Bytes Sent By Job
	0  -  Total Bytes Received By Job
	Partitionable Resources :    Usage  Request          
	   Cpus                 :                 1          
	   Disk (KB)            :       32       32          
	   Memory (MB)          :      299      299          
...
