000 (1689381.000.000) 10/17 05:04:37 Job submitted from host: <10.15.0.100:56963>
...
001 (1689381.000.000) 10/17 05:04:58 Job executing on host: <10.15.0.111:53353>
...
006 (1689381.000.000) 10/17 05:05:07 Image size of job updated: 32
	3  -  MemoryUsage of job (MB)
	2272  -  ResidentSetSize of job (KB)
...
006 (1689381.000.000) 10/17 05:10:07 Image size of job updated: 368532
	149  -  MemoryUsage of job (MB)
	152340  -  ResidentSetSize of job (KB)
...
006 (1689381.000.000) 10/17 05:15:08 Image size of job updated: 497192
	226  -  MemoryUsage of job (MB)
	231176  -  ResidentSetSize of job (KB)
...
006 (1689381.000.000) 10/17 05:20:09 Image size of job updated: 626148
	315  -  MemoryUsage of job (MB)
	322296  -  ResidentSetSize of job (KB)
...
006 (1689381.000.000) 10/17 05:25:10 Image size of job updated: 626148
	317  -  MemoryUsage of job (MB)
	323784  -  ResidentSetSize of job (KB)
...
006 (1689381.000.000) 10/17 05:35:11 Image size of job updated: 626148
	319  -  MemoryUsage of job (MB)
	325652  -  ResidentSetSize of job (KB)
...
006 (1689381.000.000) 10/17 05:40:12 Image size of job updated: 626148
	319  -  MemoryUsage of job (MB)
	325664  -  ResidentSetSize of job (KB)
...
005 (1689381.000.000) 10/17 10:02:38 Job terminated.
	(1) Normal termination (return value 0)
		Usr 0 00:30:38, Sys 0 00:01:11  -  Run Remote Usage
		Usr 0 00:00:00, Sys 0 00:00:00  -  Run Local Usage
		Usr 0 00:30:38, Sys 0 00:01:11  -  Total Remote Usage
		Usr 0 00:00:00, Sys 0 00:00:00  -  Total Local Usage
	0  -  Run Bytes Sent By Job
	0  -  Run Bytes Received By Job
	0  -  Total Bytes Sent By Job
	0  -  Total Bytes Received By Job
	Partitionable Resources :    Usage  Request          
	   Cpus                 :                 1          
	   Disk (KB)            :       32       32          
	   Memory (MB)          :      319      319          
...
