000 (1689376.000.000) 10/17 05:04:37 Job submitted from host: <10.15.0.100:56963>
...
001 (1689376.000.000) 10/17 05:04:38 Job executing on host: <10.15.0.101:49594>
...
006 (1689376.000.000) 10/17 05:04:47 Image size of job updated: 32
	3  -  MemoryUsage of job (MB)
	2248  -  ResidentSetSize of job (KB)
...
006 (1689376.000.000) 10/17 05:09:48 Image size of job updated: 368528
	145  -  MemoryUsage of job (MB)
	148020  -  ResidentSetSize of job (KB)
...
006 (1689376.000.000) 10/17 05:14:49 Image size of job updated: 626148
	256  -  MemoryUsage of job (MB)
	261692  -  ResidentSetSize of job (KB)
...
006 (1689376.000.000) 10/17 05:19:49 Image size of job updated: 626148
	273  -  MemoryUsage of job (MB)
	279540  -  ResidentSetSize of job (KB)
...
005 (1689376.000.000) 10/17 11:16:00 Job terminated.
	(1) Normal termination (return value 0)
		Usr 0 03:23:21, Sys 0 00:07:00  -  Run Remote Usage
		Usr 0 00:00:00, Sys 0 00:00:00  -  Run Local Usage
		Usr 0 03:23:21, Sys 0 00:07:00  -  Total Remote Usage
		Usr 0 00:00:00, Sys 0 00:00:00  -  Total Local Usage
	0  -  Run Bytes Sent By Job
	0  -  Run Bytes Received By Job
	0  -  Total Bytes Sent By Job
	0  -  Total Bytes Received By Job
	Partitionable Resources :    Usage  Request          
	   Cpus                 :                 1          
	   Disk (KB)            :       32       32          
	   Memory (MB)          :      273      273          
...
