000 (1689379.000.000) 10/17 05:04:37 Job submitted from host: <10.15.0.100:56963>
...
001 (1689379.000.000) 10/17 05:04:59 Job executing on host: <10.15.0.101:49594>
...
006 (1689379.000.000) 10/17 05:05:08 Image size of job updated: 32
	3  -  MemoryUsage of job (MB)
	2248  -  ResidentSetSize of job (KB)
...
006 (1689379.000.000) 10/17 05:10:09 Image size of job updated: 368536
	144  -  MemoryUsage of job (MB)
	147396  -  ResidentSetSize of job (KB)
...
006 (1689379.000.000) 10/17 05:15:10 Image size of job updated: 626152
	270  -  MemoryUsage of job (MB)
	276212  -  ResidentSetSize of job (KB)
...
006 (1689379.000.000) 10/17 05:20:09 Image size of job updated: 626152
	275  -  MemoryUsage of job (MB)
	281292  -  ResidentSetSize of job (KB)
...
005 (1689379.000.000) 10/17 11:16:00 Job terminated.
	(1) Normal termination (return value 0)
		Usr 0 03:21:22, Sys 0 00:07:16  -  Run Remote Usage
		Usr 0 00:00:00, Sys 0 00:00:00  -  Run Local Usage
		Usr 0 03:21:22, Sys 0 00:07:16  -  Total Remote Usage
		Usr 0 00:00:00, Sys 0 00:00:00  -  Total Local Usage
	0  -  Run Bytes Sent By Job
	0  -  Run Bytes Received By Job
	0  -  Total Bytes Sent By Job
	0  -  Total Bytes Received By Job
	Partitionable Resources :    Usage  Request          
	   Cpus                 :                 1          
	   Disk (KB)            :       32       32          
	   Memory (MB)          :      275      275          
...
