000 (1689380.000.000) 10/17 05:04:37 Job submitted from host: <10.15.0.100:56963>
...
001 (1689380.000.000) 10/17 05:04:58 Job executing on host: <10.15.0.102:32837>
...
006 (1689380.000.000) 10/17 05:05:06 Image size of job updated: 32
	3  -  MemoryUsage of job (MB)
	2252  -  ResidentSetSize of job (KB)
...
006 (1689380.000.000) 10/17 05:10:06 Image size of job updated: 368528
	149  -  MemoryUsage of job (MB)
	151848  -  ResidentSetSize of job (KB)
...
006 (1689380.000.000) 10/17 05:15:07 Image size of job updated: 626144
	276  -  MemoryUsage of job (MB)
	282448  -  ResidentSetSize of job (KB)
...
006 (1689380.000.000) 10/17 05:20:07 Image size of job updated: 626144
	276  -  MemoryUsage of job (MB)
	282476  -  ResidentSetSize of job (KB)
...
006 (1689380.000.000) 10/17 05:25:08 Image size of job updated: 626144
	276  -  MemoryUsage of job (MB)
	282560  -  ResidentSetSize of job (KB)
...
006 (1689380.000.000) 10/17 05:30:09 Image size of job updated: 626144
	277  -  MemoryUsage of job (MB)
	283000  -  ResidentSetSize of job (KB)
...
006 (1689380.000.000) 10/17 05:40:10 Image size of job updated: 626144
	277  -  MemoryUsage of job (MB)
	283012  -  ResidentSetSize of job (KB)
...
006 (1689380.000.000) 10/17 05:45:10 Image size of job updated: 626144
	277  -  MemoryUsage of job (MB)
	283056  -  ResidentSetSize of job (KB)
...
006 (1689380.000.000) 10/17 05:50:11 Image size of job updated: 626144
	277  -  MemoryUsage of job (MB)
	283180  -  ResidentSetSize of job (KB)
...
006 (1689380.000.000) 10/17 05:55:11 Image size of job updated: 626144
	277  -  MemoryUsage of job (MB)
	283184  -  ResidentSetSize of job (KB)
...
006 (1689380.000.000) 10/17 06:05:13 Image size of job updated: 626144
	277  -  MemoryUsage of job (MB)
	283212  -  ResidentSetSize of job (KB)
...
006 (1689380.000.000) 10/17 06:15:14 Image size of job updated: 626144
	277  -  MemoryUsage of job (MB)
	283256  -  ResidentSetSize of job (KB)
...
006 (1689380.000.000) 10/17 06:20:14 Image size of job updated: 626144
	277  -  MemoryUsage of job (MB)
	283300  -  ResidentSetSize of job (KB)
...
006 (1689380.000.000) 10/17 06:25:14 Image size of job updated: 626144
	277  -  MemoryUsage of job (MB)
	283332  -  ResidentSetSize of job (KB)
...
006 (1689380.000.000) 10/17 06:30:15 Image size of job updated: 626144
	277  -  MemoryUsage of job (MB)
	283380  -  ResidentSetSize of job (KB)
...
006 (1689380.000.000) 10/17 06:45:17 Image size of job updated: 626144
	277  -  MemoryUsage of job (MB)
	283472  -  ResidentSetSize of job (KB)
...
006 (1689380.000.000) 10/17 06:50:17 Image size of job updated: 626144
	277  -  MemoryUsage of job (MB)
	283504  -  ResidentSetSize of job (KB)
...
006 (1689380.000.000) 10/17 07:00:18 Image size of job updated: 626144
	277  -  MemoryUsage of job (MB)
	283548  -  ResidentSetSize of job (KB)
...
006 (1689380.000.000) 10/17 07:20:19 Image size of job updated: 626144
	277  -  MemoryUsage of job (MB)
	283592  -  ResidentSetSize of job (KB)
...
006 (1689380.000.000) 10/17 07:25:19 Image size of job updated: 626144
	278  -  MemoryUsage of job (MB)
	283664  -  ResidentSetSize of job (KB)
...
006 (1689380.000.000) 10/17 07:30:19 Image size of job updated: 626144
	278  -  MemoryUsage of job (MB)
	283668  -  ResidentSetSize of job (KB)
...
006 (1689380.000.000) 10/17 07:40:20 Image size of job updated: 626144
	278  -  MemoryUsage of job (MB)
	283672  -  ResidentSetSize of job (KB)
...
006 (1689380.000.000) 10/17 07:45:21 Image size of job updated: 626144
	278  -  MemoryUsage of job (MB)
	283716  -  ResidentSetSize of job (KB)
...
006 (1689380.000.000) 10/17 07:50:21 Image size of job updated: 626144
	278  -  MemoryUsage of job (MB)
	283752  -  ResidentSetSize of job (KB)
...
006 (1689380.000.000) 10/17 07:55:21 Image size of job updated: 626144
	278  -  MemoryUsage of job (MB)
	283776  -  ResidentSetSize of job (KB)
...
006 (1689380.000.000) 10/17 08:05:23 Image size of job updated: 626144
	278  -  MemoryUsage of job (MB)
	283780  -  ResidentSetSize of job (KB)
...
006 (1689380.000.000) 10/17 08:10:23 Image size of job updated: 626144
	278  -  MemoryUsage of job (MB)
	283792  -  ResidentSetSize of job (KB)
...
006 (1689380.000.000) 10/17 08:15:24 Image size of job updated: 626144
	278  -  MemoryUsage of job (MB)
	283796  -  ResidentSetSize of job (KB)
...
006 (1689380.000.000) 10/17 08:20:24 Image size of job updated: 626144
	278  -  MemoryUsage of job (MB)
	283824  -  ResidentSetSize of job (KB)
...
006 (1689380.000.000) 10/17 08:40:27 Image size of job updated: 626144
	278  -  MemoryUsage of job (MB)
	283848  -  ResidentSetSize of job (KB)
...
006 (1689380.000.000) 10/17 08:50:28 Image size of job updated: 626144
	278  -  MemoryUsage of job (MB)
	283872  -  ResidentSetSize of job (KB)
...
006 (1689380.000.000) 10/17 09:05:30 Image size of job updated: 626144
	278  -  MemoryUsage of job (MB)
	283916  -  ResidentSetSize of job (KB)
...
006 (1689380.000.000) 10/17 09:20:31 Image size of job updated: 626144
	278  -  MemoryUsage of job (MB)
	283960  -  ResidentSetSize of job (KB)
...
006 (1689380.000.000) 10/17 09:25:32 Image size of job updated: 626144
	278  -  MemoryUsage of job (MB)
	283976  -  ResidentSetSize of job (KB)
...
006 (1689380.000.000) 10/17 09:35:33 Image size of job updated: 626144
	278  -  MemoryUsage of job (MB)
	284020  -  ResidentSetSize of job (KB)
...
005 (1689380.000.000) 10/17 09:39:27 Job terminated.
	(1) Normal termination (return value 0)
		Usr 0 02:58:39, Sys 0 00:06:37  -  Run Remote Usage
		Usr 0 00:00:00, Sys 0 00:00:00  -  Run Local Usage
		Usr 0 02:58:39, Sys 0 00:06:37  -  Total Remote Usage
		Usr 0 00:00:00, Sys 0 00:00:00  -  Total Local Usage
	0  -  Run Bytes Sent By Job
	0  -  Run Bytes Received By Job
	0  -  Total Bytes Sent By Job
	0  -  Total Bytes Received By Job
	Partitionable Resources :    Usage  Request          
	   Cpus                 :                 1          
	   Disk (KB)            :       32       32          
	   Memory (MB)          :      278      278          
...
