000 (1689375.000.000) 10/17 05:04:37 Job submitted from host: <10.15.0.100:56963>
...
001 (1689375.000.000) 10/17 05:04:38 Job executing on host: <10.15.0.110:46409>
...
006 (1689375.000.000) 10/17 05:04:46 Image size of job updated: 112
	1  -  MemoryUsage of job (MB)
	4  -  ResidentSetSize of job (KB)
...
006 (1689375.000.000) 10/17 05:09:46 Image size of job updated: 368532
	151  -  MemoryUsage of job (MB)
	153788  -  ResidentSetSize of job (KB)
...
006 (1689375.000.000) 10/17 05:14:47 Image size of job updated: 497196
	216  -  MemoryUsage of job (MB)
	221036  -  ResidentSetSize of job (KB)
...
006 (1689375.000.000) 10/17 05:19:48 Image size of job updated: 626152
	294  -  MemoryUsage of job (MB)
	300812  -  ResidentSetSize of job (KB)
...
006 (1689375.000.000) 10/17 05:24:48 Image size of job updated: 626152
	294  -  MemoryUsage of job (MB)
	300872  -  ResidentSetSize of job (KB)
...
006 (1689375.000.000) 10/17 05:29:48 Image size of job updated: 626152
	294  -  MemoryUsage of job (MB)
	300936  -  ResidentSetSize of job (KB)
...
006 (1689375.000.000) 10/17 05:34:48 Image size of job updated: 626152
	294  -  MemoryUsage of job (MB)
	300968  -  ResidentSetSize of job (KB)
...
006 (1689375.000.000) 10/17 05:39:49 Image size of job updated: 626152
	295  -  MemoryUsage of job (MB)
	301104  -  ResidentSetSize of job (KB)
...
006 (1689375.000.000) 10/17 05:44:49 Image size of job updated: 626152
	295  -  MemoryUsage of job (MB)
	301124  -  ResidentSetSize of job (KB)
...
006 (1689375.000.000) 10/17 05:54:51 Image size of job updated: 626152
	295  -  MemoryUsage of job (MB)
	301172  -  ResidentSetSize of job (KB)
...
006 (1689375.000.000) 10/17 05:59:51 Image size of job updated: 626152
	296  -  MemoryUsage of job (MB)
	302976  -  ResidentSetSize of job (KB)
...
005 (1689375.000.000) 10/17 06:03:00 Job terminated.
	(1) Normal termination (return value 0)
		Usr 0 00:34:06, Sys 0 00:00:08  -  Run Remote Usage
		Usr 0 00:00:00, Sys 0 00:00:00  -  Run Local Usage
		Usr 0 00:34:06, Sys 0 00:00:08  -  Total Remote Usage
		Usr 0 00:00:00, Sys 0 00:00:00  -  Total Local Usage
	0  -  Run Bytes Sent By Job
	0  -  Run Bytes Received By Job
	0  -  Total Bytes Sent By Job
	0  -  Total Bytes Received By Job
	Partitionable Resources :    Usage  Request          
	   Cpus                 :                 1          
	   Disk (KB)            :       32       32          
	   Memory (MB)          :      296      296          
...
